2025-08-07 13:03:03 [main] INFO  org.andy.code.main.StartUp - facturaX startet - Version: 2.0.2-beta
2025-08-07 13:03:17 [AWT-EventQueue-0] INFO  org.hibernate.Version - HHH000412: Hibernate ORM core version 7.0.8.Final
2025-08-07 13:03:17 [AWT-EventQueue-0] WARN  org.hibernate.orm.connections.pooling - HHH10001002: Using built-in connection pool (not intended for production use)
2025-08-07 13:03:18 [AWT-EventQueue-0] INFO  org.hibernate.orm.connections.pooling - HHH10001005: Database info:
	Database JDBC URL [jdbc:sqlserver://ANDY-LENOVO:1433;databaseName=dbFacturaX-01TEST;encrypt=true;trustServerCertificate=true]
	Database driver: com.microsoft.sqlserver.jdbc.SQLServerDriver
	Database version: 16.0
	Autocommit mode: false
	Isolation level: undefined/unknown
	Pool: DriverManagerConnectionProviderImpl
	Minimum pool size: 1
	Maximum pool size: 20
2025-08-07 13:03:21 [AWT-EventQueue-0] INFO  org.hibernate.orm.connections.access - HHH10001501: Connection obtained from JdbcConnectionAccess [org.hibernate.engine.jdbc.env.internal.JdbcEnvironmentInitiator$ConnectionProviderJdbcConnectionAccess@262d6e67] for (non-JTA) DDL execution was not in auto-commit mode; the Connection 'local transaction' will be committed and the Connection will be set into auto-commit mode.
2025-08-07 13:03:21 [AWT-EventQueue-0] WARN  org.hibernate.orm.connections.pooling - HHH10001002: Using built-in connection pool (not intended for production use)
2025-08-07 13:03:21 [AWT-EventQueue-0] INFO  org.hibernate.orm.connections.pooling - HHH10001005: Database info:
	Database JDBC URL [jdbc:sqlserver://ANDY-LENOVO:1433;databaseName=dbFacturaX-02TEST;encrypt=true;trustServerCertificate=true]
	Database driver: com.microsoft.sqlserver.jdbc.SQLServerDriver
	Database version: 16.0
	Autocommit mode: false
	Isolation level: undefined/unknown
	Pool: DriverManagerConnectionProviderImpl
	Minimum pool size: 1
	Maximum pool size: 20
2025-08-07 13:03:22 [AWT-EventQueue-0] INFO  org.hibernate.orm.connections.access - HHH10001501: Connection obtained from JdbcConnectionAccess [org.hibernate.engine.jdbc.env.internal.JdbcEnvironmentInitiator$ConnectionProviderJdbcConnectionAccess@444c3dcc] for (non-JTA) DDL execution was not in auto-commit mode; the Connection 'local transaction' will be committed and the Connection will be set into auto-commit mode.
2025-08-07 13:08:42 [AWT-EventQueue-0] ERROR org.andy.gui.main.JFoverview - actionRE3() - java.nio.file.NoSuchFileException: Rechnung_RE-2025-0023_ZUGFeRD.pdf
2025-08-07 13:18:59 [main] INFO  org.andy.code.main.StartUp - facturaX startet - Version: 2.0.2-beta
2025-08-07 13:19:08 [AWT-EventQueue-0] INFO  org.hibernate.Version - HHH000412: Hibernate ORM core version 7.0.8.Final
2025-08-07 13:19:09 [AWT-EventQueue-0] WARN  org.hibernate.orm.connections.pooling - HHH10001002: Using built-in connection pool (not intended for production use)
2025-08-07 13:19:10 [AWT-EventQueue-0] INFO  org.hibernate.orm.connections.pooling - HHH10001005: Database info:
	Database JDBC URL [jdbc:sqlserver://ANDY-LENOVO:1433;databaseName=dbFacturaX-01TEST;encrypt=true;trustServerCertificate=true]
	Database driver: com.microsoft.sqlserver.jdbc.SQLServerDriver
	Database version: 16.0
	Autocommit mode: false
	Isolation level: undefined/unknown
	Pool: DriverManagerConnectionProviderImpl
	Minimum pool size: 1
	Maximum pool size: 20
2025-08-07 13:19:12 [AWT-EventQueue-0] INFO  org.hibernate.orm.connections.access - HHH10001501: Connection obtained from JdbcConnectionAccess [org.hibernate.engine.jdbc.env.internal.JdbcEnvironmentInitiator$ConnectionProviderJdbcConnectionAccess@7413fc85] for (non-JTA) DDL execution was not in auto-commit mode; the Connection 'local transaction' will be committed and the Connection will be set into auto-commit mode.
2025-08-07 13:19:12 [AWT-EventQueue-0] WARN  org.hibernate.orm.connections.pooling - HHH10001002: Using built-in connection pool (not intended for production use)
2025-08-07 13:19:12 [AWT-EventQueue-0] INFO  org.hibernate.orm.connections.pooling - HHH10001005: Database info:
	Database JDBC URL [jdbc:sqlserver://ANDY-LENOVO:1433;databaseName=dbFacturaX-02TEST;encrypt=true;trustServerCertificate=true]
	Database driver: com.microsoft.sqlserver.jdbc.SQLServerDriver
	Database version: 16.0
	Autocommit mode: false
	Isolation level: undefined/unknown
	Pool: DriverManagerConnectionProviderImpl
	Minimum pool size: 1
	Maximum pool size: 20
2025-08-07 13:19:13 [AWT-EventQueue-0] INFO  org.hibernate.orm.connections.access - HHH10001501: Connection obtained from JdbcConnectionAccess [org.hibernate.engine.jdbc.env.internal.JdbcEnvironmentInitiator$ConnectionProviderJdbcConnectionAccess@10f7cd0b] for (non-JTA) DDL execution was not in auto-commit mode; the Connection 'local transaction' will be committed and the Connection will be set into auto-commit mode.
2025-08-07 13:21:13 [AWT-EventQueue-0] ERROR org.andy.gui.main.JFoverview - actionRE3() - java.nio.file.NoSuchFileException: Rechnung_RE-2025-0023_ZUGFeRD.pdf
2025-08-07 13:34:55 [main] INFO  org.andy.code.main.StartUp - facturaX startet - Version: 2.0.2-beta
2025-08-07 13:35:04 [AWT-EventQueue-0] INFO  org.hibernate.Version - HHH000412: Hibernate ORM core version 7.0.8.Final
2025-08-07 13:35:05 [AWT-EventQueue-0] WARN  org.hibernate.orm.connections.pooling - HHH10001002: Using built-in connection pool (not intended for production use)
2025-08-07 13:35:06 [AWT-EventQueue-0] INFO  org.hibernate.orm.connections.pooling - HHH10001005: Database info:
	Database JDBC URL [jdbc:sqlserver://ANDY-LENOVO:1433;databaseName=dbFacturaX-01TEST;encrypt=true;trustServerCertificate=true]
	Database driver: com.microsoft.sqlserver.jdbc.SQLServerDriver
	Database version: 16.0
	Autocommit mode: false
	Isolation level: undefined/unknown
	Pool: DriverManagerConnectionProviderImpl
	Minimum pool size: 1
	Maximum pool size: 20
2025-08-07 13:35:08 [AWT-EventQueue-0] INFO  org.hibernate.orm.connections.access - HHH10001501: Connection obtained from JdbcConnectionAccess [org.hibernate.engine.jdbc.env.internal.JdbcEnvironmentInitiator$ConnectionProviderJdbcConnectionAccess@4346b77c] for (non-JTA) DDL execution was not in auto-commit mode; the Connection 'local transaction' will be committed and the Connection will be set into auto-commit mode.
2025-08-07 13:35:09 [AWT-EventQueue-0] WARN  org.hibernate.orm.connections.pooling - HHH10001002: Using built-in connection pool (not intended for production use)
2025-08-07 13:35:09 [AWT-EventQueue-0] INFO  org.hibernate.orm.connections.pooling - HHH10001005: Database info:
	Database JDBC URL [jdbc:sqlserver://ANDY-LENOVO:1433;databaseName=dbFacturaX-02TEST;encrypt=true;trustServerCertificate=true]
	Database driver: com.microsoft.sqlserver.jdbc.SQLServerDriver
	Database version: 16.0
	Autocommit mode: false
	Isolation level: undefined/unknown
	Pool: DriverManagerConnectionProviderImpl
	Minimum pool size: 1
	Maximum pool size: 20
2025-08-07 13:35:09 [AWT-EventQueue-0] INFO  org.hibernate.orm.connections.access - HHH10001501: Connection obtained from JdbcConnectionAccess [org.hibernate.engine.jdbc.env.internal.JdbcEnvironmentInitiator$ConnectionProviderJdbcConnectionAccess@7c159446] for (non-JTA) DDL execution was not in auto-commit mode; the Connection 'local transaction' will be committed and the Connection will be set into auto-commit mode.
2025-08-07 13:36:53 [main] INFO  org.andy.code.main.StartUp - facturaX startet - Version: 2.0.2-beta
2025-08-07 13:37:00 [AWT-EventQueue-0] INFO  org.hibernate.Version - HHH000412: Hibernate ORM core version 7.0.8.Final
2025-08-07 13:37:01 [AWT-EventQueue-0] WARN  org.hibernate.orm.connections.pooling - HHH10001002: Using built-in connection pool (not intended for production use)
2025-08-07 13:37:02 [AWT-EventQueue-0] INFO  org.hibernate.orm.connections.pooling - HHH10001005: Database info:
	Database JDBC URL [jdbc:sqlserver://ANDY-LENOVO:1433;databaseName=dbFacturaX-01TEST;encrypt=true;trustServerCertificate=true]
	Database driver: com.microsoft.sqlserver.jdbc.SQLServerDriver
	Database version: 16.0
	Autocommit mode: false
	Isolation level: undefined/unknown
	Pool: DriverManagerConnectionProviderImpl
	Minimum pool size: 1
	Maximum pool size: 20
2025-08-07 13:37:04 [AWT-EventQueue-0] INFO  org.hibernate.orm.connections.access - HHH10001501: Connection obtained from JdbcConnectionAccess [org.hibernate.engine.jdbc.env.internal.JdbcEnvironmentInitiator$ConnectionProviderJdbcConnectionAccess@4346b77c] for (non-JTA) DDL execution was not in auto-commit mode; the Connection 'local transaction' will be committed and the Connection will be set into auto-commit mode.
2025-08-07 13:37:05 [AWT-EventQueue-0] WARN  org.hibernate.orm.connections.pooling - HHH10001002: Using built-in connection pool (not intended for production use)
2025-08-07 13:37:05 [AWT-EventQueue-0] INFO  org.hibernate.orm.connections.pooling - HHH10001005: Database info:
	Database JDBC URL [jdbc:sqlserver://ANDY-LENOVO:1433;databaseName=dbFacturaX-02TEST;encrypt=true;trustServerCertificate=true]
	Database driver: com.microsoft.sqlserver.jdbc.SQLServerDriver
	Database version: 16.0
	Autocommit mode: false
	Isolation level: undefined/unknown
	Pool: DriverManagerConnectionProviderImpl
	Minimum pool size: 1
	Maximum pool size: 20
2025-08-07 13:37:05 [AWT-EventQueue-0] INFO  org.hibernate.orm.connections.access - HHH10001501: Connection obtained from JdbcConnectionAccess [org.hibernate.engine.jdbc.env.internal.JdbcEnvironmentInitiator$ConnectionProviderJdbcConnectionAccess@7c159446] for (non-JTA) DDL execution was not in auto-commit mode; the Connection 'local transaction' will be committed and the Connection will be set into auto-commit mode.
2025-08-07 13:39:41 [main] INFO  org.andy.code.main.StartUp - facturaX startet - Version: 2.0.2-beta
2025-08-07 13:39:48 [AWT-EventQueue-0] INFO  org.hibernate.Version - HHH000412: Hibernate ORM core version 7.0.8.Final
2025-08-07 13:39:49 [AWT-EventQueue-0] WARN  org.hibernate.orm.connections.pooling - HHH10001002: Using built-in connection pool (not intended for production use)
2025-08-07 13:39:50 [AWT-EventQueue-0] INFO  org.hibernate.orm.connections.pooling - HHH10001005: Database info:
	Database JDBC URL [jdbc:sqlserver://ANDY-LENOVO:1433;databaseName=dbFacturaX-01TEST;encrypt=true;trustServerCertificate=true]
	Database driver: com.microsoft.sqlserver.jdbc.SQLServerDriver
	Database version: 16.0
	Autocommit mode: false
	Isolation level: undefined/unknown
	Pool: DriverManagerConnectionProviderImpl
	Minimum pool size: 1
	Maximum pool size: 20
2025-08-07 13:39:52 [AWT-EventQueue-0] INFO  org.hibernate.orm.connections.access - HHH10001501: Connection obtained from JdbcConnectionAccess [org.hibernate.engine.jdbc.env.internal.JdbcEnvironmentInitiator$ConnectionProviderJdbcConnectionAccess@7413fc85] for (non-JTA) DDL execution was not in auto-commit mode; the Connection 'local transaction' will be committed and the Connection will be set into auto-commit mode.
2025-08-07 13:39:53 [AWT-EventQueue-0] WARN  org.hibernate.orm.connections.pooling - HHH10001002: Using built-in connection pool (not intended for production use)
2025-08-07 13:39:53 [AWT-EventQueue-0] INFO  org.hibernate.orm.connections.pooling - HHH10001005: Database info:
	Database JDBC URL [jdbc:sqlserver://ANDY-LENOVO:1433;databaseName=dbFacturaX-02TEST;encrypt=true;trustServerCertificate=true]
	Database driver: com.microsoft.sqlserver.jdbc.SQLServerDriver
	Database version: 16.0
	Autocommit mode: false
	Isolation level: undefined/unknown
	Pool: DriverManagerConnectionProviderImpl
	Minimum pool size: 1
	Maximum pool size: 20
2025-08-07 13:39:53 [AWT-EventQueue-0] INFO  org.hibernate.orm.connections.access - HHH10001501: Connection obtained from JdbcConnectionAccess [org.hibernate.engine.jdbc.env.internal.JdbcEnvironmentInitiator$ConnectionProviderJdbcConnectionAccess@10f7cd0b] for (non-JTA) DDL execution was not in auto-commit mode; the Connection 'local transaction' will be committed and the Connection will be set into auto-commit mode.
2025-08-07 13:40:38 [AWT-EventQueue-0] ERROR org.andy.gui.main.JFoverview - actionRE3() - java.nio.file.NoSuchFileException: Rechnung_RE-2025-0024_ZUGFeRD.pdf
2025-08-07 14:19:29 [main] INFO  org.andy.code.main.StartUp - facturaX startet - Version: 2.0.2-beta
2025-08-07 14:19:40 [AWT-EventQueue-0] INFO  org.hibernate.Version - HHH000412: Hibernate ORM core version 7.0.8.Final
2025-08-07 14:19:41 [AWT-EventQueue-0] WARN  org.hibernate.orm.connections.pooling - HHH10001002: Using built-in connection pool (not intended for production use)
2025-08-07 14:19:42 [AWT-EventQueue-0] INFO  org.hibernate.orm.connections.pooling - HHH10001005: Database info:
	Database JDBC URL [jdbc:sqlserver://ANDY-LENOVO:1433;databaseName=dbFacturaX-01TEST;encrypt=true;trustServerCertificate=true]
	Database driver: com.microsoft.sqlserver.jdbc.SQLServerDriver
	Database version: 16.0
	Autocommit mode: false
	Isolation level: undefined/unknown
	Pool: DriverManagerConnectionProviderImpl
	Minimum pool size: 1
	Maximum pool size: 20
2025-08-07 14:19:44 [AWT-EventQueue-0] INFO  org.hibernate.orm.connections.access - HHH10001501: Connection obtained from JdbcConnectionAccess [org.hibernate.engine.jdbc.env.internal.JdbcEnvironmentInitiator$ConnectionProviderJdbcConnectionAccess@38d2773b] for (non-JTA) DDL execution was not in auto-commit mode; the Connection 'local transaction' will be committed and the Connection will be set into auto-commit mode.
2025-08-07 14:19:45 [AWT-EventQueue-0] WARN  org.hibernate.orm.connections.pooling - HHH10001002: Using built-in connection pool (not intended for production use)
2025-08-07 14:19:45 [AWT-EventQueue-0] INFO  org.hibernate.orm.connections.pooling - HHH10001005: Database info:
	Database JDBC URL [jdbc:sqlserver://ANDY-LENOVO:1433;databaseName=dbFacturaX-02TEST;encrypt=true;trustServerCertificate=true]
	Database driver: com.microsoft.sqlserver.jdbc.SQLServerDriver
	Database version: 16.0
	Autocommit mode: false
	Isolation level: undefined/unknown
	Pool: DriverManagerConnectionProviderImpl
	Minimum pool size: 1
	Maximum pool size: 20
2025-08-07 14:19:45 [AWT-EventQueue-0] INFO  org.hibernate.orm.connections.access - HHH10001501: Connection obtained from JdbcConnectionAccess [org.hibernate.engine.jdbc.env.internal.JdbcEnvironmentInitiator$ConnectionProviderJdbcConnectionAccess@3df4f5b8] for (non-JTA) DDL execution was not in auto-commit mode; the Connection 'local transaction' will be committed and the Connection will be set into auto-commit mode.
2025-08-07 14:20:31 [AWT-EventQueue-0] ERROR org.andy.code.eRechnung.SetInvoiceEx - doInvoice(...) - java.text.ParseException: Unparseable date: "2025-08-062025-08"
2025-08-07 14:21:17 [AWT-EventQueue-0] ERROR org.andy.code.dataExport.ExcelBill - error generating zugferd - java.io.FileNotFoundException: C:\Users\andre\Documents\Rechnung_RE-2025-0024.pdf (Das System kann die angegebene Datei nicht finden)
2025-08-07 14:21:39 [AWT-EventQueue-0] WARN  org.hibernate.orm.jdbc.error - HHH000247: ErrorCode: 2627, SQLState: 23000
2025-08-07 14:21:39 [AWT-EventQueue-0] WARN  org.hibernate.orm.jdbc.error - Verletzung der PRIMARY KEY-Einschränkung "PK_tbl2025files". Ein doppelter Schlüssel kann in das dbo.tblFiles-Objekt nicht eingefügt werden. Der doppelte Schlüsselwert ist (RE-2025-0024).
2025-08-07 14:21:39 [AWT-EventQueue-0] ERROR org.andy.gui.main.JFoverview - actionRE3() - org.hibernate.exception.ConstraintViolationException: could not execute statement [Verletzung der PRIMARY KEY-Einschränkung "PK_tbl2025files". Ein doppelter Schlüssel kann in das dbo.tblFiles-Objekt nicht eingefügt werden. Der doppelte Schlüsselwert ist (RE-2025-0024).] [insert into tblFiles (ABFIleName,ABpdfFIle,AddFile01,AddFile02,AddFile03,AddFileName01,AddFileName02,AddFileName03,ANFileName,ANpdfFile,BEFileName,BEpdfFile,REFileName,REpdfFile,Year,IdNummer) values (?,?,?,?,?,?,?,?,?,?,?,?,?,?,?,?)]
2025-08-07 14:22:47 [AWT-EventQueue-0] ERROR org.andy.code.eRechnung.SetInvoiceEx - doInvoice(...) - java.text.ParseException: Unparseable date: "2025-08-062025-08"
2025-08-07 14:22:53 [AWT-EventQueue-0] ERROR org.andy.gui.main.JFoverview - actionRE3() - java.lang.NullPointerException: Cannot invoke "org.mustangproject.ZUGFeRD.IExportableTransaction.getDueDate()" because "trans" is null
